Added Component: Designator=C6(C 0603)
Added Component: Designator=C7(C 0603)
Added Component: Designator=C8(C 0603)
Added Component: Designator=C9(C 0603)
Added Component: Designator=C10(C 0603)
Added Component: Designator=C11(C 0603)
Added Component: Designator=C12(C 0603)
Added Component: Designator=C13(C 0603)
Added Component: Designator=R12(R 0603)
Added Component: Designator=R13(R 0603)
Added Component: Designator=R14(R 0603)
Added Component: Designator=R15(R 0603)
Added Component: Designator=R16(R 0603)
Added Component: Designator=R17(R 0603)
Added Component: Designator=R18(R 0603)
Added Component: Designator=R19(R 0603)
Added Component: Designator=R20(R 0603)
Added Component: Designator=R21(R 0603)
Added Component: Designator=U6(SOP8_L)
Added Component: Designator=U7(SOP8_L)
Added Component: Designator=VD1(SMA)
Added Component: Designator=VD2(SMA)
Added Pin To Net: NetName=PD.3V3 Pin=C7-1
Added Pin To Net: NetName=PD.GND Pin=C7-2
Added Pin To Net: NetName=PD.GND Pin=C8-1
Added Pin To Net: NetName=NetC8_2 Pin=C8-2
Added Pin To Net: NetName=PD.GND Pin=C9-1
Added Pin To Net: NetName=PD.3V3 Pin=C9-2
Added Pin To Net: NetName=NetC10_1 Pin=C10-1
Added Pin To Net: NetName=NetC10_2 Pin=C10-2
Added Pin To Net: NetName=PD.GND Pin=C11-1
Added Pin To Net: NetName=NetC11_2 Pin=C11-2
Added Pin To Net: NetName=PD.GND Pin=C12-1
Added Pin To Net: NetName=PD.3V3 Pin=C12-2
Added Pin To Net: NetName=PD.GND Pin=C13-1
Added Pin To Net: NetName=NetC13_2 Pin=C13-2
Added Pin To Net: NetName=DRV0 Pin=R12-1
Added Pin To Net: NetName=NetR12_2 Pin=R12-2
Added Pin To Net: NetName=NetR13_1 Pin=R13-1
Added Pin To Net: NetName=NetQ3_1 Pin=R13-2
Added Pin To Net: NetName=PD.GND Pin=R14-1
Added Pin To Net: NetName=NetQ3_1 Pin=R14-2
Added Pin To Net: NetName=DRV1 Pin=R15-1
Added Pin To Net: NetName=NetR15_2 Pin=R15-2
Added Pin To Net: NetName=NetR16_1 Pin=R16-1
Added Pin To Net: NetName=NetQ4_1 Pin=R16-2
Added Pin To Net: NetName=PD.GND Pin=R17-1
Added Pin To Net: NetName=NetQ4_1 Pin=R17-2
Added Pin To Net: NetName=TEM1 Pin=R18-1
Added Pin To Net: NetName=PD.3V3 Pin=R18-2
Added Pin To Net: NetName=DHT1 Pin=R19-1
Added Pin To Net: NetName=PD.3V3 Pin=R19-2
Added Pin To Net: NetName=ADC Pin=R20-1
Added Pin To Net: NetName=PD.GND Pin=R20-2
Added Pin To Net: NetName=NetC13_2 Pin=R21-1
Added Pin To Net: NetName=ADC Pin=R21-2
Added Pin To Net: NetName=PWM0.A Pin=U6-1
Added Pin To Net: NetName=PWM0.B Pin=U6-2
Added Pin To Net: NetName=PD.GND Pin=U6-3
Added Pin To Net: NetName=PD.12V Pin=U6-4
Added Pin To Net: NetName=FO0 Pin=U6-5
Added Pin To Net: NetName=FO0 Pin=U6-6
Added Pin To Net: NetName=BO0 Pin=U6-7
Added Pin To Net: NetName=BO0 Pin=U6-8
Added Pin To Net: NetName=PWM1.A Pin=U7-1
Added Pin To Net: NetName=PWM1.B Pin=U7-2
Added Pin To Net: NetName=PD.GND Pin=U7-3
Added Pin To Net: NetName=PD.12V Pin=U7-4
Added Pin To Net: NetName=FO1 Pin=U7-5
Added Pin To Net: NetName=FO1 Pin=U7-6
Added Pin To Net: NetName=BO1 Pin=U7-7
Added Pin To Net: NetName=BO1 Pin=U7-8
Added Pin To Net: NetName=NetJK1_1 Pin=VD1-1
Added Pin To Net: NetName=PD.12V Pin=VD1-2
Added Pin To Net: NetName=NetJK2_1 Pin=VD2-1
Added Pin To Net: NetName=PD.12V Pin=VD2-2
Added Pin To Net: NetName=NetC6_1 Pin=C6-1
Added Net: Name=NetC6_1
Added Pin To Net: NetName=NetC6_2 Pin=C6-2
Added Net: Name=NetC6_2
Added Member To Class: ClassName=Interface Member=Component C6 104
Added Member To Class: ClassName=Interface Member=Component C7 104
Added Member To Class: ClassName=Interface Member=Component C8 104
Added Member To Class: ClassName=Interface Member=Component C9 104
Added Member To Class: ClassName=Interface Member=Component C10 104
Added Member To Class: ClassName=Interface Member=Component C11 104
Added Member To Class: ClassName=Interface Member=Component C12 104
Added Member To Class: ClassName=Interface Member=Component C13 104
Added Member To Class: ClassName=Do Member=Component R12 570
Added Member To Class: ClassName=Do Member=Component R13 1K
Added Member To Class: ClassName=Do Member=Component R14 10K
Added Member To Class: ClassName=Do Member=Component R15 570
Added Member To Class: ClassName=Do Member=Component R16 1K
Added Member To Class: ClassName=Do Member=Component R17 10K
Added Member To Class: ClassName=Interface Member=Component R18 4.7K
Added Member To Class: ClassName=Interface Member=Component R19 4.7K
Added Member To Class: ClassName=Interface Member=Component R20 4.7K
Added Member To Class: ClassName=Interface Member=Component R21 4.7K
Added Member To Class: ClassName=Motor Member=Component U6 RZ7889
Added Member To Class: ClassName=Motor Member=Component U7 RZ7889
Added Member To Class: ClassName=Do Member=Component VD1 1N4007
Added Member To Class: ClassName=Do Member=Component VD2 1N4007
