Removed Pin From Net: NetName=PD.GND Pin=C2-1
Removed Pin From Net: NetName=PD.GND Pin=C3-1
Removed Pin From Net: NetName=PD.GND Pin=P1-5
Removed Member From Class: ClassName=Core Member=C3
Removed Member From Class: ClassName=Core Member=C4
Removed Member From Class: ClassName=Core Member=C6
Removed Member From Class: ClassName=Do Member=C6
Removed Member From Class: ClassName=Interface Member=C13
Removed Member From Class: ClassName=Core Member=X1
Change Component Comment : Designator=IC1 Old Comment=CH340G New Comment=CH340C
Change Component Designator: OldDesignator=C4 NewDesignator=C2
Change Component Designator: OldDesignator=C5 NewDesignator=C3
Change Component Designator: OldDesignator=C6 NewDesignator=C4
Change Component Designator: OldDesignator=C7 NewDesignator=C6
Change Component Designator: OldDesignator=C8 NewDesignator=C7
Change Component Designator: OldDesignator=C9 NewDesignator=C8
Change Component Designator: OldDesignator=C10 NewDesignator=C9
Change Component Designator: OldDesignator=C11 NewDesignator=C10
Change Component Designator: OldDesignator=C12 NewDesignator=C11
Change Component Designator: OldDesignator=C13 NewDesignator=C12
Change Component Designator: OldDesignator=C14 NewDesignator=C13
Change Component Designator: OldDesignator=C15 NewDesignator=C14
Change Component Designator: OldDesignator=C16 NewDesignator=C15
Change Component Designator: OldDesignator=C17 NewDesignator=C16
Change Component Designator: OldDesignator=C18 NewDesignator=C17
Change Component Designator: OldDesignator=C19 NewDesignator=C18
Change Component Designator: OldDesignator=C20 NewDesignator=C19
Change Component Designator: OldDesignator=C21 NewDesignator=C20
Change Component Designator: OldDesignator=C22 NewDesignator=C21
Change Component Designator: OldDesignator=C23 NewDesignator=C22
Change Component Designator: OldDesignator=C24 NewDesignator=C23
Change Component Designator: OldDesignator=JP5 NewDesignator=JP6
Change Component Designator: OldDesignator=R18 NewDesignator=R21
Change Component Designator: OldDesignator=R19 NewDesignator=R22
Change Component Designator: OldDesignator=R20 NewDesignator=R23
Change Component Designator: OldDesignator=R21 NewDesignator=R24
Change Component Designator: OldDesignator=U6 NewDesignator=U8
Change Component Designator: OldDesignator=U7 NewDesignator=U9
Change Component Designator: OldDesignator=U8 NewDesignator=U10
Change Component Designator: OldDesignator=U9 NewDesignator=U11
Added Component: Designator=JP5(KF128-3.81-3P)
Added Component: Designator=Q5(SOT23-3N)
Added Component: Designator=VD3(SMA)
Added Pin To Net: NetName=PD.5V Pin=JP5-1
Added Pin To Net: NetName=PD.GND Pin=JP5-3
Added Pin To Net: NetName=PD.GND Pin=Q5-2
Added Pin To Net: NetName=PD.12V Pin=VD3-2
Change Net Name : Old Net Name=NetC7_1 New Net Name=NetC6_1
Change Net Name : Old Net Name=NetC7_2 New Net Name=NetC6_2
Change Net Name : Old Net Name=NetC9_2 New Net Name=NetC8_2
Change Net Name : Old Net Name=NetC11_1 New Net Name=NetC10_1
Change Net Name : Old Net Name=NetC11_2 New Net Name=NetC10_2
Change Net Name : Old Net Name=NetC12_2 New Net Name=NetC11_2
Change Net Name : Old Net Name=NetC13_2 New Net Name=NetC12_2
Change Net Name : Old Net Name=NetC19_2 New Net Name=NetC18_2
Added Pin To Net: NetName=DO2.IN Pin=U1-16
Added Net: Name=DO2.IN
Added Pin To Net: NetName=DO2.OUT Pin=P1-5
Added Net: Name=DO2.OUT
Added Net: Name=DRV2
Added Pin To Net: NetName=NetJK3_1 Pin=Q5-3
Added Pin To Net: NetName=NetJK3_1 Pin=VD3-1
Added Net: Name=NetJK3_1
Added Pin To Net: NetName=NetQ5_1 Pin=Q5-1
Added Net: Name=NetQ5_1
Added Net: Name=NetR18_2
Added Net: Name=NetR19_1
Added Pin To Net: NetName=WS2812_2 Pin=JP5-2
Added Pin To Net: NetName=WS2812_2 Pin=U1-36
Added Net: Name=WS2812_2
Added Member To Class: ClassName=Interface Member=Component JP5 HDR-1X3
Added Member To Class: ClassName=Interface Member=Component JP6 HDR-1X4
Added Member To Class: ClassName=Interface Member=Component P1 UART_DIDO
Added Member To Class: ClassName=Do Member=Component Q5 SS8050
Added Member To Class: ClassName=Power Member=Component R24 1M
Added Member To Class: ClassName=Do Member=Component VD3 1N4007
Added Room: Name=Core
Added Room: Name=Do
Added Room: Name=Interface
Added Room: Name=Motor
Added Room: Name=Power
