Added Component: Designator=R1(R 0603)
Added Component: Designator=R2(R 0603)
Added Component: Designator=R4(R 0603)
Added Component: Designator=R6(R 0603)
Added Component: Designator=R7(R 0603)
Added Component: Designator=R10(R 0603)
Added Component: Designator=R11(R 0603)
Added Pin To Net: NetName=NetQ1_1 Pin=R1-1
Added Pin To Net: NetName=DTR Pin=R1-2
Added Pin To Net: NetName=NetQ2_1 Pin=R2-1
Added Pin To Net: NetName=RTS Pin=R2-2
Added Pin To Net: NetName=PD.3V3 Pin=R4-1
Added Pin To Net: NetName=#EN Pin=R4-2
Added Pin To Net: NetName=NetR6_1 Pin=R6-1
Added Pin To Net: NetName=#EN Pin=R6-2
Added Pin To Net: NetName=NetR7_1 Pin=R7-1
Added Pin To Net: NetName=PD.GND Pin=R7-2
Added Pin To Net: NetName=PD.3V3 Pin=R10-1
Added Pin To Net: NetName=IO0 Pin=R10-2
Added Pin To Net: NetName=NetR11_1 Pin=R11-1
Added Pin To Net: NetName=IO0 Pin=R11-2
Added Member To Class: ClassName=Core Member=Component R1 12K
Added Member To Class: ClassName=Core Member=Component R2 12K
Added Member To Class: ClassName=Core Member=Component R4 12K
Added Member To Class: ClassName=Core Member=Component R6 470
Added Member To Class: ClassName=Core Member=Component R7 51K
Added Member To Class: ClassName=Core Member=Component R10 12K
Added Member To Class: ClassName=Core Member=Component R11 470
Added Room: Name=Core
Added Room: Name=Do
Added Room: Name=Interface
Added Room: Name=Motor
Added Room: Name=Power
