Removed Member From Class: ClassName=Motor Member=U6
Removed Member From Class: ClassName=Motor Member=U7
Added Pin To Net: NetName=PD.GND Pin=C12-1
Added Pin To Net: NetName=NetC12_2 Pin=C12-2
Added Pin To Net: NetName=NetQ1_1 Pin=Q1-1
Added Pin To Net: NetName=RTS Pin=Q1-2
Added Pin To Net: NetName=#EN Pin=Q1-3
Added Pin To Net: NetName=NetQ2_1 Pin=Q2-1
Added Pin To Net: NetName=DTR Pin=Q2-2
Added Pin To Net: NetName=IO0 Pin=Q2-3
Added Pin To Net: NetName=NetQ1_1 Pin=R1-1
Added Pin To Net: NetName=DTR Pin=R1-2
Added Pin To Net: NetName=NetQ2_1 Pin=R2-1
Added Pin To Net: NetName=RTS Pin=R2-2
Added Pin To Net: NetName=ADC Pin=R22-1
Added Pin To Net: NetName=PD.GND Pin=R22-2
Added Pin To Net: NetName=NetC12_2 Pin=R23-1
Added Pin To Net: NetName=ADC Pin=R23-2
Added Pin To Net: NetName=NetR6_1 Pin=SW1-1
Added Pin To Net: NetName=PD.GND Pin=SW1-2
Added Pin To Net: NetName=NetR11_1 Pin=SW2-1
Added Pin To Net: NetName=PD.GND Pin=SW2-2
Added Member To Class: ClassName=Interface Member=Component C12 104
Added Member To Class: ClassName=Core Member=Component Q1 SS8050
Added Member To Class: ClassName=Core Member=Component Q2 SS8050
Added Member To Class: ClassName=Interface Member=Component R22 4.7K
Added Member To Class: ClassName=Interface Member=Component R23 4.7K
Added Member To Class: ClassName=Core Member=Component SW1 3x6x5
Added Member To Class: ClassName=Core Member=Component SW2 3x6x5
Added Room: Name=Core
Added Room: Name=Do
Added Room: Name=Interface
Added Room: Name=Motor
Added Room: Name=Power
